app/build/outputs/logs/manifest-merger-debug-report.txt
-- Merging decision tree log ---
manifest
ADDED from AndroidManifest.xml:17:1
	xmlns:android
		ADDED from AndroidManifest.xml:17:11
	package
		ADDED from AndroidManifest.xml:18:5
	android:versionName
		ADDED from AndroidManifest.xml:20:5
	android:versionCode
		ADDED from AndroidManifest.xml:19:5
		INJECTED from AndroidManifest.xml:0:0
		INJECTED from AndroidManifest.xml:0:0
uses-permission#android.permission.INTERNET
ADDED from AndroidManifest.xml:22:5
	android:name
		ADDED from AndroidManifest.xml:22:22
uses-permission#android.permission.ACCESS_NETWORK_STATE
ADDED from AndroidManifest.xml:23:5
	android:name
		ADDED from AndroidManifest.xml:23:22
uses-sdk
ADDED from AndroidManifest.xml:25:5
	android:targetSdkVersion
		ADDED from AndroidManifest.xml:27:9
		INJECTED from AndroidManifest.xml:0:0
		INJECTED from AndroidManifest.xml:0:0
	android:minSdkVersion
		ADDED from AndroidManifest.xml:26:9
		INJECTED from AndroidManifest.xml:0:0
		INJECTED from AndroidManifest.xml:0:0
uses-permission#com.google.android.glass.permission.DEVELOPMENT
ADDED from AndroidManifest.xml:30:5
	android:name
		ADDED from AndroidManifest.xml:30:22
uses-feature#0x00020000
ADDED from AndroidManifest.xml:32:5
	android:required
		ADDED from AndroidManifest.xml:32:52
	android:glEsVersion
		ADDED from AndroidManifest.xml:32:19
application
ADDED from AndroidManifest.xml:34:5
activity#com.google.android.glass.sample.apidemo.ApiDemoActivity
ADDED from AndroidManifest.xml:36:9
	android:label
		ADDED from AndroidManifest.xml:38:13
	android:icon
		ADDED from AndroidManifest.xml:37:13
	android:exported
		ADDED from AndroidManifest.xml:39:13
	android:name
		ADDED from AndroidManifest.xml:36:19
intent-filter#com.google.android.glass.action.VOICE_TRIGGER
ADDED from AndroidManifest.xml:40:13
action#com.google.android.glass.action.VOICE_TRIGGER
ADDED from AndroidManifest.xml:41:17
	android:name
		ADDED from AndroidManifest.xml:41:25
meta-data#com.google.android.glass.VoiceTrigger
ADDED from AndroidManifest.xml:43:13
	android:resource
		ADDED from AndroidManifest.xml:44:17
	android:name
		ADDED from AndroidManifest.xml:43:24
activity#com.google.android.glass.sample.apidemo.card.CardBuilderActivity
ADDED from AndroidManifest.xml:48:9
	android:exported
		ADDED from AndroidManifest.xml:49:13
	android:name
		ADDED from AndroidManifest.xml:48:19
activity#com.google.android.glass.sample.apidemo.card.CardScrollViewActivity
ADDED from AndroidManifest.xml:52:9
	android:exported
		ADDED from AndroidManifest.xml:53:13
	android:name
		ADDED from AndroidManifest.xml:52:19
activity#com.google.android.glass.sample.apidemo.voicemenu.VoiceMenuActivity
ADDED from AndroidManifest.xml:56:9
	android:exported
		ADDED from AndroidManifest.xml:57:13
	android:name
		ADDED from AndroidManifest.xml:56:19
activity#com.google.android.glass.sample.apidemo.card.SliderActivity
ADDED from AndroidManifest.xml:60:9
	android:exported
		ADDED from AndroidManifest.xml:61:13
	android:name
		ADDED from AndroidManifest.xml:60:19